<?xml version="1.0" encoding="UTF-8"?>
<!-- Generated by org.testng.reporters.JUnitReportReporter -->
<testsuite hostname="MAJOO" failures="0" tests="1" name="test3" time="2.494" errors="0" timestamp="2022-06-11T14:03:30 ICT" skipped="0">
  <testcase classname="test3" name="ketiga" time="2.494"/>
  <system-out/>
</testsuite> <!-- test3 -->
