<?xml version="1.0" encoding="UTF-8"?>
<!-- Generated by org.testng.reporters.JUnitReportReporter -->
<testsuite hostname="MAJOO" failures="0" tests="1" name="users.singleusertest" time="0.129" errors="0" timestamp="2022-06-11T14:03:30 ICT" skipped="0">
  <testcase classname="users.singleusertest" name="pertama" time="0.129"/>
  <system-out/>
</testsuite> <!-- users.singleusertest -->
