<?xml version="1.0" encoding="UTF-8"?>
<!-- Generated by org.testng.reporters.JUnitReportReporter -->
<testsuite hostname="MAJOO" failures="0" tests="1" name="users.listusertest" time="4.387" errors="0" timestamp="2022-06-11T14:03:30 ICT" skipped="0">
  <testcase classname="users.listusertest" name="successGetUsers" time="4.387"/>
  <system-out/>
</testsuite> <!-- users.listusertest -->
